[debug] [2022-09-02T16:41:02.007Z] ----------------------------------------------------------------------
[debug] [2022-09-02T16:41:02.009Z] Command:       C:\Program Files\nodejs\node.exe C:\Users\david\AppData\Roaming\npm\node_modules\firebase-tools\lib\bin\firebase.js deploy
[debug] [2022-09-02T16:41:02.009Z] CLI Version:   11.8.0
[debug] [2022-09-02T16:41:02.009Z] Platform:      win32
[debug] [2022-09-02T16:41:02.009Z] Node Version:  v16.15.1
[debug] [2022-09-02T16:41:02.010Z] Time:          Fri Sep 02 2022 18:41:02 GMT+0200 (centraleuropeisk sommartid)
[debug] [2022-09-02T16:41:02.011Z] ----------------------------------------------------------------------
[debug] 
[debug] [2022-09-02T16:41:02.066Z] > command requires scopes: ["email","openid","https://www.googleapis.com/auth/cloudplatformprojects.readonly","https://www.googleapis.com/auth/firebase","https://www.googleapis.com/auth/cloud-platform"]
[debug] [2022-09-02T16:41:02.066Z] > authorizing via signed-in user (david.pales1@gmail.com)
[debug] [2022-09-02T16:41:02.066Z] [iam] checking project theislamicnation for permissions ["firebase.projects.get","firebasehosting.sites.update"]
[debug] [2022-09-02T16:41:02.068Z] >>> [apiv2][query] POST https://cloudresourcemanager.googleapis.com/v1/projects/theislamicnation:testIamPermissions [none]
[debug] [2022-09-02T16:41:02.068Z] >>> [apiv2][(partial)header] POST https://cloudresourcemanager.googleapis.com/v1/projects/theislamicnation:testIamPermissions x-goog-quota-user=projects/theislamicnation
[debug] [2022-09-02T16:41:02.068Z] >>> [apiv2][body] POST https://cloudresourcemanager.googleapis.com/v1/projects/theislamicnation:testIamPermissions {"permissions":["firebase.projects.get","firebasehosting.sites.update"]}
[debug] [2022-09-02T16:41:02.861Z] <<< [apiv2][status] POST https://cloudresourcemanager.googleapis.com/v1/projects/theislamicnation:testIamPermissions 200
[debug] [2022-09-02T16:41:02.861Z] <<< [apiv2][body] POST https://cloudresourcemanager.googleapis.com/v1/projects/theislamicnation:testIamPermissions {"permissions":["firebase.projects.get","firebasehosting.sites.update"]}
[debug] [2022-09-02T16:41:02.862Z] >>> [apiv2][query] GET https://firebase.googleapis.com/v1beta1/projects/theislamicnation [none]
[debug] [2022-09-02T16:41:03.216Z] <<< [apiv2][status] GET https://firebase.googleapis.com/v1beta1/projects/theislamicnation 200
[debug] [2022-09-02T16:41:03.216Z] <<< [apiv2][body] GET https://firebase.googleapis.com/v1beta1/projects/theislamicnation {"projectId":"theislamicnation","projectNumber":"727713065852","displayName":"theislamicnation","name":"projects/theislamicnation","resources":{"hostingSite":"theislamicnation"},"state":"ACTIVE","etag":"1_c5bec0df-21c7-41d9-8602-1e3e53f1d6fb"}
[info] 
[info] === Deploying to 'theislamicnation'...
[info] 
[info] i  deploying hosting 
[debug] [2022-09-02T16:41:03.219Z] >>> [apiv2][query] GET https://firebase.googleapis.com/v1beta1/projects/theislamicnation [none]
[debug] [2022-09-02T16:41:03.498Z] <<< [apiv2][status] GET https://firebase.googleapis.com/v1beta1/projects/theislamicnation 200
[debug] [2022-09-02T16:41:03.498Z] <<< [apiv2][body] GET https://firebase.googleapis.com/v1beta1/projects/theislamicnation {"projectId":"theislamicnation","projectNumber":"727713065852","displayName":"theislamicnation","name":"projects/theislamicnation","resources":{"hostingSite":"theislamicnation"},"state":"ACTIVE","etag":"1_c5bec0df-21c7-41d9-8602-1e3e53f1d6fb"}
[debug] [2022-09-02T16:41:03.500Z] >>> [apiv2][query] POST https://firebasehosting.googleapis.com/v1beta1/projects/727713065852/sites/theislamicnation/versions [none]
[debug] [2022-09-02T16:41:03.500Z] >>> [apiv2][body] POST https://firebasehosting.googleapis.com/v1beta1/projects/727713065852/sites/theislamicnation/versions {"config":{},"labels":{"deployment-tool":"cli-firebase"}}
[debug] [2022-09-02T16:41:04.780Z] <<< [apiv2][status] POST https://firebasehosting.googleapis.com/v1beta1/projects/727713065852/sites/theislamicnation/versions 200
[debug] [2022-09-02T16:41:04.780Z] <<< [apiv2][body] POST https://firebasehosting.googleapis.com/v1beta1/projects/727713065852/sites/theislamicnation/versions {"name":"projects/727713065852/sites/theislamicnation/versions/94fb5aecbed1a9a1","status":"CREATED","config":{},"labels":{"deployment-tool":"cli-firebase"}}
[info] i  hosting[theislamicnation]: beginning deploy... 
[info] i  hosting[theislamicnation]: found 12 files in dist/theislamicnation 
[debug] [2022-09-02T16:41:04.790Z] [hosting] uploading with 200 concurrency
[debug] [2022-09-02T16:41:04.791Z] [hosting] hash cache [ZGlzdFx0aGVpc2xhbWljbmF0aW9u] not populated
